#
# There is insufficient memory for the Java Runtime Environment to continue.
# Native memory allocation (malloc) failed to allocate 712656 bytes for Chunk::new
# Possible reasons:
#   The system is out of physical RAM or swap space
#   The process is running with CompressedOops enabled, and the Java Heap may be blocking the growth of the native heap
# Possible solutions:
#   Reduce memory load on the system
#   Increase physical memory or swap space
#   Check if swap backing store is full
#   Decrease Java heap size (-Xmx/-Xms)
#   Decrease number of Java threads
#   Decrease Java thread stack sizes (-Xss)
#   Set larger code cache with -XX:ReservedCodeCacheSize=
#   JVM is running with Unscaled Compressed Oops mode in which the Java heap is
#     placed in the first 4GB address space. The Java Heap base address is the
#     maximum limit for the native heap growth. Please use -XX:HeapBaseMinAddress
#     to set the Java Heap base and to place the Java Heap above 4GB virtual address.
# This output file may be truncated or incomplete.
#
#  Out of Memory Error (arena.cpp:168), pid=16808, tid=17308
#
# JRE version: Java(TM) SE Runtime Environment (21.0.4+8) (build 21.0.4+8-LTS-274)
# Java VM: Java HotSpot(TM) 64-Bit Server VM (21.0.4+8-LTS-274, mixed mode, sharing, tiered, compressed oops, compressed class ptrs, g1 gc, windows-amd64)
# No core dump will be written. Minidumps are not enabled by default on client versions of Windows
#

---------------  S U M M A R Y ------------

Command Line: -Dcom.sun.management.jmxremote -Dcom.sun.management.jmxremote.port=52264 -Dcom.sun.management.jmxremote.authenticate=false -Dcom.sun.management.jmxremote.ssl=false -Dspring.jmx.enabled=true -Djava.rmi.server.hostname=localhost -Dspring.application.admin.enabled=true -Dspring.boot.project.name=Inventario -XX:+ShowCodeDetailsInExceptionMessages com.example.Inventario.InventarioApplication

Host: Intel(R) Celeron(R) N5100 @ 1.10GHz, 4 cores, 3G,  Windows 11 , 64 bit Build 22621 (10.0.22621.3958)
Time: Wed Aug 21 10:54:16 2024 Hora estándar, América Central elapsed time: 5.241492 seconds (0d 0h 0m 5s)

---------------  T H R E A D  ---------------

Current thread (0x0000028854bc7850):  JavaThread "C2 CompilerThread0" daemon [_thread_in_native, id=17308, stack(0x000000e3c3000000,0x000000e3c3100000) (1024K)]


Current CompileTask:
C2:   5241 2563       4       java.lang.invoke.MethodType::makeImpl (109 bytes)

Stack: [0x000000e3c3000000,0x000000e3c3100000]
Native frames: (J=compiled Java code, j=interpreted, Vv=VM code, C=native code)
V  [jvm.dll+0x6c8e59]
V  [jvm.dll+0x853181]
V  [jvm.dll+0x8556ae]
V  [jvm.dll+0x855d83]
V  [jvm.dll+0x27d526]
V  [jvm.dll+0xc4aad]
V  [jvm.dll+0xc4fe3]
V  [jvm.dll+0x2f038f]
V  [jvm.dll+0x5f406a]
V  [jvm.dll+0x24f102]
V  [jvm.dll+0x24f4bf]
V  [jvm.dll+0x2480c4]
V  [jvm.dll+0x245754]
V  [jvm.dll+0x1c69de]
V  [jvm.dll+0x254d49]
V  [jvm.dll+0x2532da]
V  [jvm.dll+0x3ed426]
V  [jvm.dll+0x7fd65b]
V  [jvm.dll+0x6c753d]
C  [ucrtbase.dll+0x29333]
C  [KERNEL32.DLL+0x1257d]
C  [ntdll.dll+0x5af28]


---------------  P R O C E S S  ---------------

Threads class SMR info:
_java_thread_list=0x000002889af28790, length=18, elements={
0x0000028839f81860, 0x0000028854ba8990, 0x0000028854ba97b0, 0x0000028854baee20,
0x0000028854baf880, 0x0000028854bb8420, 0x0000028854bbea90, 0x0000028854bc7850,
0x0000028854bc9300, 0x000002889a06bcd0, 0x000002889a06b640, 0x000002889a06c9f0,
0x000002889a06a290, 0x000002889a06c360, 0x000002889a06d080, 0x000002889a06d710,
0x000002889a06a920, 0x000002889b1214b0
}

Java Threads: ( => current thread )
  0x0000028839f81860 JavaThread "main"                              [_thread_blocked, id=240, stack(0x000000e3c2200000,0x000000e3c2300000) (1024K)]
  0x0000028854ba8990 JavaThread "Reference Handler"          daemon [_thread_blocked, id=16884, stack(0x000000e3c2a00000,0x000000e3c2b00000) (1024K)]
  0x0000028854ba97b0 JavaThread "Finalizer"                  daemon [_thread_blocked, id=748, stack(0x000000e3c2b00000,0x000000e3c2c00000) (1024K)]
  0x0000028854baee20 JavaThread "Signal Dispatcher"          daemon [_thread_blocked, id=17060, stack(0x000000e3c2c00000,0x000000e3c2d00000) (1024K)]
  0x0000028854baf880 JavaThread "Attach Listener"            daemon [_thread_blocked, id=988, stack(0x000000e3c2d00000,0x000000e3c2e00000) (1024K)]
  0x0000028854bb8420 JavaThread "Service Thread"             daemon [_thread_blocked, id=3264, stack(0x000000e3c2e00000,0x000000e3c2f00000) (1024K)]
  0x0000028854bbea90 JavaThread "Monitor Deflation Thread"   daemon [_thread_blocked, id=17288, stack(0x000000e3c2f00000,0x000000e3c3000000) (1024K)]
=>0x0000028854bc7850 JavaThread "C2 CompilerThread0"         daemon [_thread_in_native, id=17308, stack(0x000000e3c3000000,0x000000e3c3100000) (1024K)]
  0x0000028854bc9300 JavaThread "C1 CompilerThread0"         daemon [_thread_blocked, id=3988, stack(0x000000e3c3100000,0x000000e3c3200000) (1024K)]
  0x000002889a06bcd0 JavaThread "Common-Cleaner"             daemon [_thread_blocked, id=1960, stack(0x000000e3c3200000,0x000000e3c3300000) (1024K)]
  0x000002889a06b640 JavaThread "Notification Thread"        daemon [_thread_blocked, id=17196, stack(0x000000e3c3300000,0x000000e3c3400000) (1024K)]
  0x000002889a06c9f0 JavaThread "RMI TCP Accept-0"           daemon [_thread_in_native, id=11572, stack(0x000000e3c3400000,0x000000e3c3500000) (1024K)]
  0x000002889a06a290 JavaThread "RMI TCP Accept-52264"       daemon [_thread_in_native, id=12404, stack(0x000000e3c3800000,0x000000e3c3900000) (1024K)]
  0x000002889a06c360 JavaThread "RMI TCP Accept-0"           daemon [_thread_in_native, id=14900, stack(0x000000e3c3900000,0x000000e3c3a00000) (1024K)]
  0x000002889a06d080 JavaThread "Thread-0"                          [_thread_blocked, id=12732, stack(0x000000e3c3b00000,0x000000e3c3c00000) (1024K)]
  0x000002889a06d710 JavaThread "restartedMain"                     [_thread_in_native, id=12304, stack(0x000000e3c3c00000,0x000000e3c3d00000) (1024K)]
  0x000002889a06a920 JavaThread "background-preinit"                [_thread_in_Java, id=16028, stack(0x000000e3c3a00000,0x000000e3c3b00000) (1024K)]
  0x000002889b1214b0 JavaThread "C2 CompilerThread1"         daemon [_thread_in_native, id=3536, stack(0x000000e3c3d00000,0x000000e3c3e00000) (1024K)]
Total: 18

Other Threads:
  0x0000028854b8dc20 VMThread "VM Thread"                           [id=8948, stack(0x000000e3c2900000,0x000000e3c2a00000) (1024K)]
  0x0000028854b75640 WatcherThread "VM Periodic Task Thread"        [id=10916, stack(0x000000e3c2800000,0x000000e3c2900000) (1024K)]
  0x0000028839fbc550 WorkerThread "GC Thread#0"                     [id=15392, stack(0x000000e3c2300000,0x000000e3c2400000) (1024K)]
  0x0000028854b8dfc0 WorkerThread "GC Thread#1"                     [id=15348, stack(0x000000e3c3500000,0x000000e3c3600000) (1024K)]
  0x0000028854b8d140 WorkerThread "GC Thread#2"                     [id=15040, stack(0x000000e3c3600000,0x000000e3c3700000) (1024K)]
  0x0000028854b8d4e0 WorkerThread "GC Thread#3"                     [id=2380, stack(0x000000e3c3700000,0x000000e3c3800000) (1024K)]
  0x0000028839fc5120 ConcurrentGCThread "G1 Main Marker"            [id=12644, stack(0x000000e3c2400000,0x000000e3c2500000) (1024K)]
  0x0000028839fc63c0 WorkerThread "G1 Conc#0"                       [id=2580, stack(0x000000e3c2500000,0x000000e3c2600000) (1024K)]
  0x000002883a027490 ConcurrentGCThread "G1 Refine#0"               [id=7792, stack(0x000000e3c2600000,0x000000e3c2700000) (1024K)]
  0x000002883a02a8f0 ConcurrentGCThread "G1 Service"                [id=9000, stack(0x000000e3c2700000,0x000000e3c2800000) (1024K)]
Total: 10

Threads with active compile tasks:
C2 CompilerThread0     5522 2563       4       java.lang.invoke.MethodType::makeImpl (109 bytes)
C2 CompilerThread1     5522 2636   !   4       jdk.internal.loader.BuiltinClassLoader::loadClassOrNull (143 bytes)
Total: 2

VM state: not at safepoint (normal execution)

VM Mutex/Monitor currently owned by a thread: None

Heap address: 0x00000000c2e00000, size: 978 MB, Compressed Oops mode: 32-bit

CDS archive(s) mapped at: [0x0000028855000000-0x0000028855c90000-0x0000028855c90000), size 13172736, SharedBaseAddress: 0x0000028855000000, ArchiveRelocationMode: 1.
Compressed class space mapped at: 0x0000028856000000-0x0000028896000000, reserved size: 1073741824
Narrow klass base: 0x0000028855000000, Narrow klass shift: 0, Narrow klass range: 0x100000000

GC Precious Log:
 CardTable entry size: 512
 Card Set container configuration: InlinePtr #cards 5 size 8 Array Of Cards #cards 12 size 40 Howl #buckets 4 coarsen threshold 1843 Howl Bitmap #cards 512 size 80 coarsen threshold 460 Card regions per heap region 1 cards per card region 2048
 CPUs: 4 total, 4 available
 Memory: 3911M
 Large Page Support: Disabled
 NUMA Support: Disabled
 Compressed Oops: Enabled (32-bit)
 Heap Region Size: 1M
 Heap Min Capacity: 8M
 Heap Initial Capacity: 62M
 Heap Max Capacity: 978M
 Pre-touch: Disabled
 Parallel Workers: 4
 Concurrent Workers: 1
 Concurrent Refinement Workers: 4
 Periodic GC: Disabled

Heap:
 garbage-first heap   total 51200K, used 20133K [0x00000000c2e00000, 0x0000000100000000)
  region size 1024K, 14 young (14336K), 5 survivors (5120K)
 Metaspace       used 23427K, committed 23808K, reserved 1114112K
  class space    used 2828K, committed 3008K, reserved 1048576K

Heap Regions: E=young(eden), S=young(survivor), O=old, HS=humongous(starts), HC=humongous(continues), CS=collection set, F=free, TAMS=top-at-mark-start, PB=parsable bottom
|   0|0x00000000c2e00000, 0x00000000c2f00000, 0x00000000c2f00000|100%|HS|  |TAMS 0x00000000c2e00000| PB 0x00000000c2e00000| Complete 
|   1|0x00000000c2f00000, 0x00000000c3000000, 0x00000000c3000000|100%| O|  |TAMS 0x00000000c2f00000| PB 0x00000000c2f00000| Untracked 
|   2|0x00000000c3000000, 0x00000000c3100000, 0x00000000c3100000|100%| O|  |TAMS 0x00000000c3000000| PB 0x00000000c3000000| Untracked 
|   3|0x00000000c3100000, 0x00000000c3200000, 0x00000000c3200000|100%| O|  |TAMS 0x00000000c3100000| PB 0x00000000c3100000| Untracked 
|   4|0x00000000c3200000, 0x00000000c3300000, 0x00000000c3300000|100%| O|  |TAMS 0x00000000c3200000| PB 0x00000000c3200000| Untracked 
|   5|0x00000000c3300000, 0x00000000c3400000, 0x00000000c3400000|100%| O|  |TAMS 0x00000000c3300000| PB 0x00000000c3300000| Untracked 
|   6|0x00000000c3400000, 0x00000000c3500000, 0x00000000c3500000|100%| O|  |TAMS 0x00000000c3400000| PB 0x00000000c3400000| Untracked 
|   7|0x00000000c3500000, 0x00000000c3600000, 0x00000000c3600000|100%| O|  |TAMS 0x00000000c3500000| PB 0x00000000c3500000| Untracked 
|   8|0x00000000c3600000, 0x00000000c363c080, 0x00000000c3700000| 23%| O|Cm|TAMS 0x00000000c3600000| PB 0x00000000c3600000| Complete 
|   9|0x00000000c3700000, 0x00000000c3700000, 0x00000000c3800000|  0%| F|  |TAMS 0x00000000c3700000| PB 0x00000000c3700000| Untracked 
|  10|0x00000000c3800000, 0x00000000c3800000, 0x00000000c3900000|  0%| F|  |TAMS 0x00000000c3800000| PB 0x00000000c3800000| Untracked 
|  11|0x00000000c3900000, 0x00000000c3900000, 0x00000000c3a00000|  0%| F|  |TAMS 0x00000000c3900000| PB 0x00000000c3900000| Untracked 
|  12|0x00000000c3a00000, 0x00000000c3a00000, 0x00000000c3b00000|  0%| F|  |TAMS 0x00000000c3a00000| PB 0x00000000c3a00000| Untracked 
|  13|0x00000000c3b00000, 0x00000000c3b00000, 0x00000000c3c00000|  0%| F|  |TAMS 0x00000000c3b00000| PB 0x00000000c3b00000| Untracked 
|  14|0x00000000c3c00000, 0x00000000c3c00000, 0x00000000c3d00000|  0%| F|  |TAMS 0x00000000c3c00000| PB 0x00000000c3c00000| Untracked 
|  15|0x00000000c3d00000, 0x00000000c3d00000, 0x00000000c3e00000|  0%| F|  |TAMS 0x00000000c3d00000| PB 0x00000000c3d00000| Untracked 
|  16|0x00000000c3e00000, 0x00000000c3e00000, 0x00000000c3f00000|  0%| F|  |TAMS 0x00000000c3e00000| PB 0x00000000c3e00000| Untracked 
|  17|0x00000000c3f00000, 0x00000000c3f00000, 0x00000000c4000000|  0%| F|  |TAMS 0x00000000c3f00000| PB 0x00000000c3f00000| Untracked 
|  18|0x00000000c4000000, 0x00000000c4000000, 0x00000000c4100000|  0%| F|  |TAMS 0x00000000c4000000| PB 0x00000000c4000000| Untracked 
|  19|0x00000000c4100000, 0x00000000c4100000, 0x00000000c4200000|  0%| F|  |TAMS 0x00000000c4100000| PB 0x00000000c4100000| Untracked 
|  20|0x00000000c4200000, 0x00000000c4200000, 0x00000000c4300000|  0%| F|  |TAMS 0x00000000c4200000| PB 0x00000000c4200000| Untracked 
|  21|0x00000000c4300000, 0x00000000c4300000, 0x00000000c4400000|  0%| F|  |TAMS 0x00000000c4300000| PB 0x00000000c4300000| Untracked 
|  22|0x00000000c4400000, 0x00000000c4400000, 0x00000000c4500000|  0%| F|  |TAMS 0x00000000c4400000| PB 0x00000000c4400000| Untracked 
|  23|0x00000000c4500000, 0x00000000c4500000, 0x00000000c4600000|  0%| F|  |TAMS 0x00000000c4500000| PB 0x00000000c4500000| Untracked 
|  24|0x00000000c4600000, 0x00000000c4600000, 0x00000000c4700000|  0%| F|  |TAMS 0x00000000c4600000| PB 0x00000000c4600000| Untracked 
|  25|0x00000000c4700000, 0x00000000c4700000, 0x00000000c4800000|  0%| F|  |TAMS 0x00000000c4700000| PB 0x00000000c4700000| Untracked 
|  26|0x00000000c4800000, 0x00000000c4800000, 0x00000000c4900000|  0%| F|  |TAMS 0x00000000c4800000| PB 0x00000000c4800000| Untracked 
|  27|0x00000000c4900000, 0x00000000c4900000, 0x00000000c4a00000|  0%| F|  |TAMS 0x00000000c4900000| PB 0x00000000c4900000| Untracked 
|  28|0x00000000c4a00000, 0x00000000c4a00000, 0x00000000c4b00000|  0%| F|  |TAMS 0x00000000c4a00000| PB 0x00000000c4a00000| Untracked 
|  29|0x00000000c4b00000, 0x00000000c4b6d740, 0x00000000c4c00000| 42%| S|CS|TAMS 0x00000000c4b00000| PB 0x00000000c4b00000| Complete 
|  30|0x00000000c4c00000, 0x00000000c4d00000, 0x00000000c4d00000|100%| S|CS|TAMS 0x00000000c4c00000| PB 0x00000000c4c00000| Complete 
|  31|0x00000000c4d00000, 0x00000000c4d00000, 0x00000000c4e00000|  0%| F|  |TAMS 0x00000000c4d00000| PB 0x00000000c4d00000| Untracked 
|  32|0x00000000c4e00000, 0x00000000c4e00000, 0x00000000c4f00000|  0%| F|  |TAMS 0x00000000c4e00000| PB 0x00000000c4e00000| Untracked 
|  33|0x00000000c4f00000, 0x00000000c4f00000, 0x00000000c5000000|  0%| F|  |TAMS 0x00000000c4f00000| PB 0x00000000c4f00000| Untracked 
|  34|0x00000000c5000000, 0x00000000c5000000, 0x00000000c5100000|  0%| F|  |TAMS 0x00000000c5000000| PB 0x00000000c5000000| Untracked 
|  35|0x00000000c5100000, 0x00000000c5200000, 0x00000000c5200000|100%| S|CS|TAMS 0x00000000c5100000| PB 0x00000000c5100000| Complete 
|  36|0x00000000c5200000, 0x00000000c5300000, 0x00000000c5300000|100%| S|CS|TAMS 0x00000000c5200000| PB 0x00000000c5200000| Complete 
|  37|0x00000000c5300000, 0x00000000c5400000, 0x00000000c5400000|100%| S|CS|TAMS 0x00000000c5300000| PB 0x00000000c5300000| Complete 
|  38|0x00000000c5400000, 0x00000000c5400000, 0x00000000c5500000|  0%| F|  |TAMS 0x00000000c5400000| PB 0x00000000c5400000| Untracked 
|  39|0x00000000c5500000, 0x00000000c5500000, 0x00000000c5600000|  0%| F|  |TAMS 0x00000000c5500000| PB 0x00000000c5500000| Untracked 
|  40|0x00000000c5600000, 0x00000000c5600000, 0x00000000c5700000|  0%| F|  |TAMS 0x00000000c5600000| PB 0x00000000c5600000| Untracked 
|  41|0x00000000c5700000, 0x00000000c57922b0, 0x00000000c5800000| 57%| E|  |TAMS 0x00000000c5700000| PB 0x00000000c5700000| Complete 
|  42|0x00000000c5800000, 0x00000000c5900000, 0x00000000c5900000|100%| E|CS|TAMS 0x00000000c5800000| PB 0x00000000c5800000| Complete 
|  43|0x00000000c5900000, 0x00000000c5a00000, 0x00000000c5a00000|100%| E|CS|TAMS 0x00000000c5900000| PB 0x00000000c5900000| Complete 
|  44|0x00000000c5a00000, 0x00000000c5b00000, 0x00000000c5b00000|100%| E|CS|TAMS 0x00000000c5a00000| PB 0x00000000c5a00000| Complete 
|  45|0x00000000c5b00000, 0x00000000c5c00000, 0x00000000c5c00000|100%| E|  |TAMS 0x00000000c5b00000| PB 0x00000000c5b00000| Complete 
|  46|0x00000000c5c00000, 0x00000000c5d00000, 0x00000000c5d00000|100%| E|CS|TAMS 0x00000000c5c00000| PB 0x00000000c5c00000| Complete 
|  47|0x00000000c5d00000, 0x00000000c5e00000, 0x00000000c5e00000|100%| E|CS|TAMS 0x00000000c5d00000| PB 0x00000000c5d00000| Complete 
|  48|0x00000000c5e00000, 0x00000000c5f00000, 0x00000000c5f00000|100%| E|CS|TAMS 0x00000000c5e00000| PB 0x00000000c5e00000| Complete 
|  61|0x00000000c6b00000, 0x00000000c6c00000, 0x00000000c6c00000|100%| E|CS|TAMS 0x00000000c6b00000| PB 0x00000000c6b00000| Complete 

Card table byte_map: [0x00000288515d0000,0x00000288517c0000] _byte_map_base: 0x0000028850fb9000

Marking Bits: (CMBitMap*) 0x0000028839fbcc50
 Bits: [0x00000288517c0000, 0x0000028852708000)

Polling page: 0x0000028837ea0000

Metaspace:

Usage:
  Non-class:     20.12 MB used.
      Class:      2.77 MB used.
       Both:     22.89 MB used.

Virtual space:
  Non-class space:       64.00 MB reserved,      20.31 MB ( 32%) committed,  1 nodes.
      Class space:        1.00 GB reserved,       2.94 MB ( <1%) committed,  1 nodes.
             Both:        1.06 GB reserved,      23.25 MB (  2%) committed. 

Chunk freelists:
   Non-Class:  11.44 MB
       Class:  13.03 MB
        Both:  24.47 MB

MaxMetaspaceSize: unlimited
CompressedClassSpaceSize: 1.00 GB
Initial GC threshold: 21.00 MB
Current GC threshold: 35.12 MB
CDS: on
 - commit_granule_bytes: 65536.
 - commit_granule_words: 8192.
 - virtual_space_node_default_size: 8388608.
 - enlarge_chunks_in_place: 1.
 - use_allocation_guard: 0.


Internal statistics:

num_allocs_failed_limit: 5.
num_arena_births: 338.
num_arena_deaths: 0.
num_vsnodes_births: 2.
num_vsnodes_deaths: 0.
num_space_committed: 372.
num_space_uncommitted: 0.
num_chunks_returned_to_freelist: 5.
num_chunks_taken_from_freelist: 958.
num_chunk_merges: 5.
num_chunk_splits: 697.
num_chunks_enlarged: 530.
num_inconsistent_stats: 0.

CodeHeap 'non-profiled nmethods': size=120000Kb used=1078Kb max_used=1078Kb free=118921Kb
 bounds [0x0000028849eb0000, 0x000002884a120000, 0x00000288513e0000]
CodeHeap 'profiled nmethods': size=120000Kb used=5219Kb max_used=5219Kb free=114780Kb
 bounds [0x00000288423e0000, 0x0000028842900000, 0x0000028849910000]
CodeHeap 'non-nmethods': size=5760Kb used=1865Kb max_used=1888Kb free=3894Kb
 bounds [0x0000028849910000, 0x0000028849b80000, 0x0000028849eb0000]
 total_blobs=3339 nmethods=2694 adapters=549
 compilation: enabled
              stopped_count=0, restarted_count=0
 full_count=0

Compilation events (20 events):
Event: 5.000 Thread 0x0000028854bc9300 nmethod 2571 0x00000288428b2810 code [0x00000288428b29c0, 0x00000288428b2b98]
Event: 5.024 Thread 0x0000028854bc9300 2572       3       java.util.LinkedList$ListItr::checkForComodification (23 bytes)
Event: 5.024 Thread 0x0000028854bc9300 nmethod 2572 0x00000288428b2c90 code [0x00000288428b2e40, 0x00000288428b3070]
Event: 5.034 Thread 0x0000028854bc9300 2573       3       java.lang.Character::isJavaIdentifierPart (5 bytes)
Event: 5.034 Thread 0x0000028854bc9300 nmethod 2573 0x00000288428b3190 code [0x00000288428b3340, 0x00000288428b3598]
Event: 5.057 Thread 0x000002889b1214b0 2574   !   4       java.util.concurrent.ConcurrentHashMap::putVal (432 bytes)
Event: 5.061 Thread 0x0000028854bc9300 2575       3       java.lang.Class::getMethodsRecursive (99 bytes)
Event: 5.062 Thread 0x0000028854bc9300 nmethod 2575 0x00000288428b3690 code [0x00000288428b38c0, 0x00000288428b3e78]
Event: 5.062 Thread 0x0000028854bc9300 2576       3       java.util.stream.ReferencePipeline::toArray (18 bytes)
Event: 5.062 Thread 0x0000028854bc9300 nmethod 2576 0x00000288428b4190 code [0x00000288428b4360, 0x00000288428b45b8]
Event: 5.063 Thread 0x0000028854bc9300 2577       3       java.util.stream.AbstractPipeline::evaluateToArrayNode (78 bytes)
Event: 5.063 Thread 0x0000028854bc9300 nmethod 2577 0x00000288428b4690 code [0x00000288428b48a0, 0x00000288428b4e70]
Event: 5.063 Thread 0x0000028854bc9300 2578       3       java.util.stream.AbstractPipeline::evaluate (44 bytes)
Event: 5.064 Thread 0x0000028854bc9300 nmethod 2578 0x00000288428b5090 code [0x00000288428b52e0, 0x00000288428b5c00]
Event: 5.064 Thread 0x0000028854bc9300 2579       3       java.util.LinkedList::add (7 bytes)
Event: 5.064 Thread 0x0000028854bc9300 nmethod 2579 0x00000288428b5e90 code [0x00000288428b6040, 0x00000288428b6198]
Event: 5.064 Thread 0x0000028854bc9300 2580       3       java.util.LinkedList::linkLast (59 bytes)
Event: 5.064 Thread 0x0000028854bc9300 nmethod 2580 0x00000288428b6290 code [0x00000288428b6460, 0x00000288428b68b8]
Event: 5.065 Thread 0x0000028854bc9300 2581       3       java.util.LinkedList$ListItr::next (56 bytes)
Event: 5.066 Thread 0x0000028854bc9300 nmethod 2581 0x00000288428b6a10 code [0x00000288428b6c00, 0x00000288428b7138]

GC Heap History (6 events):
Event: 0.877 GC heap before
{Heap before GC invocations=0 (full 0):
 garbage-first heap   total 63488K, used 13312K [0x00000000c2e00000, 0x0000000100000000)
  region size 1024K, 13 young (13312K), 0 survivors (0K)
 Metaspace       used 4203K, committed 4416K, reserved 1114112K
  class space    used 429K, committed 512K, reserved 1048576K
}
Event: 0.883 GC heap after
{Heap after GC invocations=1 (full 0):
 garbage-first heap   total 63488K, used 6677K [0x00000000c2e00000, 0x0000000100000000)
  region size 1024K, 2 young (2048K), 2 survivors (2048K)
 Metaspace       used 4203K, committed 4416K, reserved 1114112K
  class space    used 429K, committed 512K, reserved 1048576K
}
Event: 1.718 GC heap before
{Heap before GC invocations=1 (full 0):
 garbage-first heap   total 63488K, used 18965K [0x00000000c2e00000, 0x0000000100000000)
  region size 1024K, 14 young (14336K), 2 survivors (2048K)
 Metaspace       used 8726K, committed 8960K, reserved 1114112K
  class space    used 950K, committed 1024K, reserved 1048576K
}
Event: 1.726 GC heap after
{Heap after GC invocations=2 (full 0):
 garbage-first heap   total 63488K, used 8784K [0x00000000c2e00000, 0x0000000100000000)
  region size 1024K, 2 young (2048K), 2 survivors (2048K)
 Metaspace       used 8726K, committed 8960K, reserved 1114112K
  class space    used 950K, committed 1024K, reserved 1048576K
}
Event: 3.898 GC heap before
{Heap before GC invocations=2 (full 0):
 garbage-first heap   total 63488K, used 33360K [0x00000000c2e00000, 0x0000000100000000)
  region size 1024K, 27 young (27648K), 2 survivors (2048K)
 Metaspace       used 14668K, committed 14976K, reserved 1114112K
  class space    used 1763K, committed 1920K, reserved 1048576K
}
Event: 3.903 GC heap after
{Heap after GC invocations=3 (full 0):
 garbage-first heap   total 63488K, used 10293K [0x00000000c2e00000, 0x0000000100000000)
  region size 1024K, 4 young (4096K), 4 survivors (4096K)
 Metaspace       used 14668K, committed 14976K, reserved 1114112K
  class space    used 1763K, committed 1920K, reserved 1048576K
}

Dll operation events (9 events):
Event: 0.017 Loaded shared library C:\Program Files\Java\jdk-21\bin\java.dll
Event: 0.072 Loaded shared library C:\Program Files\Java\jdk-21\bin\jsvml.dll
Event: 0.225 Loaded shared library C:\Program Files\Java\jdk-21\bin\jimage.dll
Event: 0.236 Loaded shared library C:\Program Files\Java\jdk-21\bin\net.dll
Event: 0.238 Loaded shared library C:\Program Files\Java\jdk-21\bin\nio.dll
Event: 0.243 Loaded shared library C:\Program Files\Java\jdk-21\bin\zip.dll
Event: 0.365 Loaded shared library C:\Program Files\Java\jdk-21\bin\management.dll
Event: 0.401 Loaded shared library C:\Program Files\Java\jdk-21\bin\management_ext.dll
Event: 0.988 Loaded shared library C:\Program Files\Java\jdk-21\bin\extnet.dll

Deoptimization events (20 events):
Event: 4.263 Thread 0x000002889a06a920 Uncommon trap: trap_request=0xffffffde fr.pc=0x0000028849f57014 relative=0x00000000000007f4
Event: 4.263 Thread 0x000002889a06a920 Uncommon trap: reason=class_check action=maybe_recompile pc=0x0000028849f57014 method=java.util.HashMap.putVal(ILjava/lang/Object;Ljava/lang/Object;ZZ)Ljava/lang/Object; @ 203 c2
Event: 4.263 Thread 0x000002889a06a920 DEOPT PACKING pc=0x0000028849f57014 sp=0x000000e3c3afe800
Event: 4.263 Thread 0x000002889a06a920 DEOPT UNPACKING pc=0x000002884996469c sp=0x000000e3c3afe7b0 mode 2
Event: 4.427 Thread 0x000002889a06d710 Uncommon trap: trap_request=0xffffff45 fr.pc=0x0000028849f937c4 relative=0x0000000000001ca4
Event: 4.427 Thread 0x000002889a06d710 Uncommon trap: reason=unstable_if action=reinterpret pc=0x0000028849f937c4 method=jdk.internal.org.objectweb.asm.Frame.execute(IILjdk/internal/org/objectweb/asm/Symbol;Ljdk/internal/org/objectweb/asm/SymbolTable;)V @ 1 c2
Event: 4.427 Thread 0x000002889a06d710 DEOPT PACKING pc=0x0000028849f937c4 sp=0x000000e3c3cfb9b0
Event: 4.427 Thread 0x000002889a06d710 DEOPT UNPACKING pc=0x000002884996469c sp=0x000000e3c3cfb918 mode 2
Event: 4.974 Thread 0x000002889a06a920 Uncommon trap: trap_request=0xffffff45 fr.pc=0x0000028849ec93c8 relative=0x0000000000000468
Event: 4.974 Thread 0x000002889a06a920 Uncommon trap: reason=unstable_if action=reinterpret pc=0x0000028849ec93c8 method=java.lang.StringLatin1.canEncode(I)Z @ 4 c2
Event: 4.974 Thread 0x000002889a06a920 DEOPT PACKING pc=0x0000028849ec93c8 sp=0x000000e3c3afd6c0
Event: 4.974 Thread 0x000002889a06a920 DEOPT UNPACKING pc=0x000002884996469c sp=0x000000e3c3afd5f8 mode 2
Event: 4.975 Thread 0x000002889a06a920 Uncommon trap: trap_request=0xffffff45 fr.pc=0x0000028849ecaa30 relative=0x0000000000000450
Event: 4.975 Thread 0x000002889a06a920 Uncommon trap: reason=unstable_if action=reinterpret pc=0x0000028849ecaa30 method=java.lang.AbstractStringBuilder.isLatin1()Z @ 10 c2
Event: 4.975 Thread 0x000002889a06a920 DEOPT PACKING pc=0x0000028849ecaa30 sp=0x000000e3c3afd6d0
Event: 4.975 Thread 0x000002889a06a920 DEOPT UNPACKING pc=0x000002884996469c sp=0x000000e3c3afd660 mode 2
Event: 4.975 Thread 0x000002889a06a920 Uncommon trap: trap_request=0xffffff45 fr.pc=0x0000028849ee84ec relative=0x000000000000006c
Event: 4.975 Thread 0x000002889a06a920 Uncommon trap: reason=unstable_if action=reinterpret pc=0x0000028849ee84ec method=java.lang.AbstractStringBuilder.isLatin1()Z @ 10 c2
Event: 4.975 Thread 0x000002889a06a920 DEOPT PACKING pc=0x0000028849ee84ec sp=0x000000e3c3afd6d0
Event: 4.975 Thread 0x000002889a06a920 DEOPT UNPACKING pc=0x000002884996469c sp=0x000000e3c3afd660 mode 2

Classes loaded (20 events):
Event: 4.887 Loading class java/lang/invoke/VarHandleLongs$Array
Event: 4.887 Loading class java/lang/invoke/VarHandleLongs$Array done
Event: 4.887 Loading class java/util/concurrent/atomic/AtomicReferenceArray
Event: 4.888 Loading class java/util/concurrent/atomic/AtomicReferenceArray done
Event: 4.888 Loading class java/lang/invoke/VarHandleReferences$Array
Event: 4.888 Loading class java/lang/invoke/VarHandleReferences$Array done
Event: 4.963 Loading class sun/text/resources/cldr/FormatData_en
Event: 4.970 Loading class sun/text/resources/cldr/FormatData_en done
Event: 4.972 Loading class sun/text/resources/cldr/FormatData_en_US
Event: 4.972 Loading class sun/text/resources/cldr/FormatData_en_US done
Event: 5.003 Loading class java/nio/ShortBuffer
Event: 5.011 Loading class java/nio/ShortBuffer done
Event: 5.011 Loading class java/nio/FloatBuffer
Event: 5.014 Loading class java/nio/FloatBuffer done
Event: 5.014 Loading class java/nio/DoubleBuffer
Event: 5.020 Loading class java/io/CharArrayReader
Event: 5.023 Loading class java/nio/DoubleBuffer done
Event: 5.025 Loading class java/io/CharArrayReader done
Event: 5.054 Loading class java/util/concurrent/Semaphore
Event: 5.060 Loading class java/util/concurrent/Semaphore done

Classes unloaded (0 events):
No events

Classes redefined (0 events):
No events

Internal exceptions (20 events):
Event: 2.787 Thread 0x000002889a06d710 Exception <a 'java/lang/NoSuchMethodError'{0x00000000c5ee68a8}: 'java.lang.Object java.lang.invoke.DirectMethodHandle$Holder.newInvokeSpecial(java.lang.Object, int, java.lang.Object)'> (0x00000000c5ee68a8) 
thrown [s\open\src\hotspot\share\interpreter\linkResolver.cpp, line 773]
Event: 2.788 Thread 0x000002889a06d710 Exception <a 'java/lang/NoSuchMethodError'{0x00000000c5eea558}: 'int java.lang.invoke.DirectMethodHandle$Holder.invokeSpecialIFC(java.lang.Object, java.lang.Object, java.lang.Object, java.lang.Object)'> (0x00000000c5eea558) 
thrown [s\open\src\hotspot\share\interpreter\linkResolver.cpp, line 773]
Event: 2.939 Thread 0x000002889a06d710 Exception <a 'java/lang/NoSuchMethodError'{0x00000000c5dcf890}: 'void java.lang.invoke.DirectMethodHandle$Holder.invokeInterface(java.lang.Object, java.lang.Object, java.lang.Object)'> (0x00000000c5dcf890) 
thrown [s\open\src\hotspot\share\interpreter\linkResolver.cpp, line 773]
Event: 3.143 Thread 0x000002889a06d710 Exception <a 'java/lang/NoSuchMethodError'{0x00000000c5b6fe10}: 'void java.lang.invoke.DirectMethodHandle$Holder.invokeStaticInit(java.lang.Object, java.lang.Object, java.lang.Object)'> (0x00000000c5b6fe10) 
thrown [s\open\src\hotspot\share\interpreter\linkResolver.cpp, line 773]
Event: 3.156 Thread 0x000002889a06d710 Exception <a 'java/lang/NoSuchMethodError'{0x00000000c5bb5d30}: 'java.lang.Object java.lang.invoke.DirectMethodHandle$Holder.invokeVirtual(java.lang.Object, java.lang.Object, java.lang.Object)'> (0x00000000c5bb5d30) 
thrown [s\open\src\hotspot\share\interpreter\linkResolver.cpp, line 773]
Event: 3.166 Thread 0x000002889a06d710 Exception <a 'java/lang/NoSuchMethodError'{0x00000000c5bd5170}: 'java.lang.Object java.lang.invoke.DirectMethodHandle$Holder.invokeStatic(java.lang.Object, long, java.lang.Object)'> (0x00000000c5bd5170) 
thrown [s\open\src\hotspot\share\interpreter\linkResolver.cpp, line 773]
Event: 3.167 Thread 0x000002889a06d710 Exception <a 'java/lang/NoSuchMethodError'{0x00000000c5bd87c8}: 'java.lang.Object java.lang.invoke.DirectMethodHandle$Holder.invokeStaticInit(java.lang.Object, long, java.lang.Object)'> (0x00000000c5bd87c8) 
thrown [s\open\src\hotspot\share\interpreter\linkResolver.cpp, line 773]
Event: 3.168 Thread 0x000002889a06d710 Exception <a 'java/lang/NoSuchMethodError'{0x00000000c5bddf30}: 'java.lang.Object java.lang.invoke.DirectMethodHandle$Holder.newInvokeSpecial(java.lang.Object, long)'> (0x00000000c5bddf30) 
thrown [s\open\src\hotspot\share\interpreter\linkResolver.cpp, line 773]
Event: 3.266 Thread 0x000002889a06d710 Exception <a 'java/lang/NoSuchMethodError'{0x00000000c5a38140}: 'void java.lang.invoke.DirectMethodHandle$Holder.invokeVirtual(java.lang.Object, java.lang.Object, java.lang.Object, java.lang.Object)'> (0x00000000c5a38140) 
thrown [s\open\src\hotspot\share\interpreter\linkResolver.cpp, line 773]
Event: 3.474 Thread 0x000002889a06d710 Exception <a 'java/lang/IncompatibleClassChangeError'{0x00000000c59e70a0}: Found class java.lang.Object, but interface was expected> (0x00000000c59e70a0) 
thrown [s\open\src\hotspot\share\interpreter\linkResolver.cpp, line 840]
Event: 3.623 Thread 0x000002889a06d710 Exception <a 'java/lang/NoSuchMethodError'{0x00000000c59fb8d0}: 'java.lang.Object java.lang.invoke.DirectMethodHandle$Holder.invokeStaticInit(java.lang.Object, int)'> (0x00000000c59fb8d0) 
thrown [s\open\src\hotspot\share\interpreter\linkResolver.cpp, line 773]
Event: 3.628 Thread 0x000002889a06d710 Exception <a 'java/lang/NoSuchMethodError'{0x00000000c5763938}: 'java.lang.Object java.lang.invoke.DirectMethodHandle$Holder.invokeStatic(java.lang.Object, int, java.lang.Object)'> (0x00000000c5763938) 
thrown [s\open\src\hotspot\share\interpreter\linkResolver.cpp, line 773]
Event: 3.629 Thread 0x000002889a06d710 Exception <a 'java/lang/NoSuchMethodError'{0x00000000c5766f88}: 'java.lang.Object java.lang.invoke.DirectMethodHandle$Holder.invokeStaticInit(java.lang.Object, int, java.lang.Object)'> (0x00000000c5766f88) 
thrown [s\open\src\hotspot\share\interpreter\linkResolver.cpp, line 773]
Event: 4.312 Thread 0x000002889a06d710 Exception <a 'java/lang/NoSuchMethodError'{0x00000000c5f650e8}: 'void java.lang.invoke.DirectMethodHandle$Holder.invokeStaticInit(java.lang.Object, java.lang.Object, java.lang.Object, java.lang.Object)'> (0x00000000c5f650e8) 
thrown [s\open\src\hotspot\share\interpreter\linkResolver.cpp, line 773]
Event: 4.376 Thread 0x000002889a06d710 Exception <a 'java/lang/NoSuchMethodError'{0x00000000c5e43bd0}: 'int java.lang.invoke.DirectMethodHandle$Holder.invokeStaticInit(java.lang.Object, java.lang.Object, java.lang.Object, java.lang.Object)'> (0x00000000c5e43bd0) 
thrown [s\open\src\hotspot\share\interpreter\linkResolver.cpp, line 773]
Event: 4.377 Thread 0x000002889a06d710 Exception <a 'java/lang/IncompatibleClassChangeError'{0x00000000c5e4be18}: Found class java.lang.Object, but interface was expected> (0x00000000c5e4be18) 
thrown [s\open\src\hotspot\share\interpreter\linkResolver.cpp, line 840]
Event: 4.420 Thread 0x000002889a06d710 Exception <a 'java/lang/NoSuchMethodError'{0x00000000c5e76f68}: 'java.lang.Class[] java.lang.Class.getPermittedSubclasses(java.lang.Class)'> (0x00000000c5e76f68) 
thrown [s\open\src\hotspot\share\interpreter\linkResolver.cpp, line 773]
Event: 4.421 Thread 0x000002889a06d710 Exception <a 'java/lang/NoSuchMethodError'{0x00000000c5e7b600}: 'java.lang.Object java.lang.invoke.DirectMethodHandle$Holder.invokeStatic(java.lang.Object, java.lang.Object, int)'> (0x00000000c5e7b600) 
thrown [s\open\src\hotspot\share\interpreter\linkResolver.cpp, line 773]
Event: 4.424 Thread 0x000002889a06d710 Exception <a 'java/lang/NoSuchMethodError'{0x00000000c5e86780}: 'void java.lang.invoke.DelegatingMethodHandle$Holder.delegate(java.lang.Object, java.lang.Object, int, java.lang.Object)'> (0x00000000c5e86780) 
thrown [s\open\src\hotspot\share\interpreter\linkResolver.cpp, line 773]
Event: 4.572 Thread 0x000002889a06d710 Exception <a 'java/lang/NoSuchMethodError'{0x00000000c5efc238}: 'java.lang.reflect.Method[] java.lang.Class.getDeclaredMethods(java.lang.Class)'> (0x00000000c5efc238) 
thrown [s\open\src\hotspot\share\interpreter\linkResolver.cpp, line 773]

ZGC Phase Switch (0 events):
No events

VM Operations (20 events):
Event: 1.155 Executing VM operation: HandshakeAllThreads (Deoptimize)
Event: 1.155 Executing VM operation: HandshakeAllThreads (Deoptimize) done
Event: 1.155 Executing VM operation: HandshakeAllThreads (Deoptimize)
Event: 1.155 Executing VM operation: HandshakeAllThreads (Deoptimize) done
Event: 1.718 Executing VM operation: G1CollectForAllocation (G1 Evacuation Pause)
Event: 1.726 Executing VM operation: G1CollectForAllocation (G1 Evacuation Pause) done
Event: 2.073 Executing VM operation: HandshakeAllThreads (Deoptimize)
Event: 2.073 Executing VM operation: HandshakeAllThreads (Deoptimize) done
Event: 2.658 Executing VM operation: HandshakeAllThreads (Deoptimize)
Event: 2.658 Executing VM operation: HandshakeAllThreads (Deoptimize) done
Event: 3.137 Executing VM operation: ICBufferFull
Event: 3.137 Executing VM operation: ICBufferFull done
Event: 3.430 Executing VM operation: HandshakeAllThreads (Deoptimize)
Event: 3.430 Executing VM operation: HandshakeAllThreads (Deoptimize) done
Event: 3.430 Executing VM operation: HandshakeAllThreads (Deoptimize)
Event: 3.430 Executing VM operation: HandshakeAllThreads (Deoptimize) done
Event: 3.898 Executing VM operation: G1CollectForAllocation (G1 Evacuation Pause)
Event: 3.910 Executing VM operation: G1CollectForAllocation (G1 Evacuation Pause) done
Event: 4.916 Executing VM operation: Cleanup
Event: 4.932 Executing VM operation: Cleanup done

Events (20 events):
Event: 0.070 Thread 0x0000028854baf880 Thread added: 0x0000028854baf880
Event: 0.070 Thread 0x0000028854bb8420 Thread added: 0x0000028854bb8420
Event: 0.070 Thread 0x0000028854bbea90 Thread added: 0x0000028854bbea90
Event: 0.070 Thread 0x0000028854bc7850 Thread added: 0x0000028854bc7850
Event: 0.070 Thread 0x0000028854bc9300 Thread added: 0x0000028854bc9300
Event: 0.183 Thread 0x000002889a06bcd0 Thread added: 0x000002889a06bcd0
Event: 0.217 Thread 0x000002889a06b640 Thread added: 0x000002889a06b640
Event: 0.259 Thread 0x000002889a1eb8d0 Thread added: 0x000002889a1eb8d0
Event: 0.431 Thread 0x000002889a1eb8d0 Thread exited: 0x000002889a1eb8d0
Event: 0.688 Thread 0x000002889a72e7b0 Thread added: 0x000002889a72e7b0
Event: 0.884 Thread 0x000002889a72e7b0 Thread exited: 0x000002889a72e7b0
Event: 0.994 Thread 0x000002889a06c9f0 Thread added: 0x000002889a06c9f0
Event: 1.023 Thread 0x000002889a06a290 Thread added: 0x000002889a06a290
Event: 1.080 Thread 0x000002889a06c360 Thread added: 0x000002889a06c360
Event: 1.319 Thread 0x000002889aa1d450 Thread added: 0x000002889aa1d450
Event: 1.840 Thread 0x000002889a06d080 Thread added: 0x000002889a06d080
Event: 1.888 Thread 0x000002889a06d710 Thread added: 0x000002889a06d710
Event: 1.938 Thread 0x000002889aa1d450 Thread exited: 0x000002889aa1d450
Event: 3.469 Thread 0x000002889a06a920 Thread added: 0x000002889a06a920
Event: 4.043 Thread 0x000002889b1214b0 Thread added: 0x000002889b1214b0


Dynamic libraries:
0x00007ff7d72a0000 - 0x00007ff7d72b0000 	C:\Program Files\Java\jdk-21\bin\java.exe
0x00007fff172f0000 - 0x00007fff17507000 	C:\WINDOWS\SYSTEM32\ntdll.dll
0x00007fff15140000 - 0x00007fff15204000 	C:\WINDOWS\System32\KERNEL32.DLL
0x00007fff14a70000 - 0x00007fff14e1d000 	C:\WINDOWS\System32\KERNELBASE.dll
0x00007fff146c0000 - 0x00007fff147d1000 	C:\WINDOWS\System32\ucrtbase.dll
0x00007fff0b580000 - 0x00007fff0b599000 	C:\Program Files\Java\jdk-21\bin\jli.dll
0x00007fff159e0000 - 0x00007fff15a92000 	C:\WINDOWS\System32\ADVAPI32.dll
0x00007fff16540000 - 0x00007fff165e7000 	C:\WINDOWS\System32\msvcrt.dll
0x00007fff16320000 - 0x00007fff163c9000 	C:\WINDOWS\System32\sechost.dll
0x00007fff14ff0000 - 0x00007fff15018000 	C:\WINDOWS\System32\bcrypt.dll
0x00007fff15020000 - 0x00007fff15134000 	C:\WINDOWS\System32\RPCRT4.dll
0x00007fff16000000 - 0x00007fff161ae000 	C:\WINDOWS\System32\USER32.dll
0x00007fff14690000 - 0x00007fff146b6000 	C:\WINDOWS\System32\win32u.dll
0x00007fff159b0000 - 0x00007fff159d9000 	C:\WINDOWS\System32\GDI32.dll
0x00007fff147e0000 - 0x00007fff148f9000 	C:\WINDOWS\System32\gdi32full.dll
0x00007fff14f50000 - 0x00007fff14fea000 	C:\WINDOWS\System32\msvcp_win.dll
0x00007fff00d60000 - 0x00007fff00d7b000 	C:\Program Files\Java\jdk-21\bin\VCRUNTIME140.dll
0x00007fff029d0000 - 0x00007fff02c63000 	C:\WINDOWS\WinSxS\amd64_microsoft.windows.common-controls_6595b64144ccf1df_6.0.22621.3672_none_2713b9d173822955\COMCTL32.dll
0x00007fff0ddc0000 - 0x00007fff0ddca000 	C:\WINDOWS\SYSTEM32\VERSION.dll
0x00007fff153d0000 - 0x00007fff15401000 	C:\WINDOWS\System32\IMM32.DLL
0x00007fff0a400000 - 0x00007fff0a40c000 	C:\Program Files\Java\jdk-21\bin\vcruntime140_1.dll
0x00007ffee66b0000 - 0x00007ffee673e000 	C:\Program Files\Java\jdk-21\bin\msvcp140.dll
0x00007ffe9e0b0000 - 0x00007ffe9edc3000 	C:\Program Files\Java\jdk-21\bin\server\jvm.dll
0x00007fff165f0000 - 0x00007fff16661000 	C:\WINDOWS\System32\WS2_32.dll
0x00007fff14320000 - 0x00007fff1436d000 	C:\WINDOWS\SYSTEM32\POWRPROF.dll
0x00007fff0de90000 - 0x00007fff0dec4000 	C:\WINDOWS\SYSTEM32\WINMM.dll
0x00007fff14300000 - 0x00007fff14313000 	C:\WINDOWS\SYSTEM32\UMPDC.dll
0x00007fff13640000 - 0x00007fff13658000 	C:\WINDOWS\SYSTEM32\kernel.appcore.dll
0x00007fff02cf0000 - 0x00007fff02cfa000 	C:\Program Files\Java\jdk-21\bin\jimage.dll
0x00007fff12040000 - 0x00007fff12272000 	C:\WINDOWS\SYSTEM32\DBGHELP.DLL
0x00007fff15aa0000 - 0x00007fff15e2d000 	C:\WINDOWS\System32\combase.dll
0x00007fff16460000 - 0x00007fff16537000 	C:\WINDOWS\System32\OLEAUT32.dll
0x00007ffefa840000 - 0x00007ffefa872000 	C:\WINDOWS\SYSTEM32\dbgcore.DLL
0x00007fff14610000 - 0x00007fff1468b000 	C:\WINDOWS\System32\bcryptPrimitives.dll
0x00007ffefdb80000 - 0x00007ffefdb9f000 	C:\Program Files\Java\jdk-21\bin\java.dll
0x00007fff16a40000 - 0x00007fff172a7000 	C:\WINDOWS\System32\SHELL32.dll
0x00007fff12560000 - 0x00007fff12e5e000 	C:\WINDOWS\SYSTEM32\windows.storage.dll
0x00007fff12420000 - 0x00007fff1255f000 	C:\WINDOWS\SYSTEM32\wintypes.dll
0x00007fff15e30000 - 0x00007fff15f29000 	C:\WINDOWS\System32\SHCORE.dll
0x00007fff15f90000 - 0x00007fff15fee000 	C:\WINDOWS\System32\shlwapi.dll
0x00007fff14540000 - 0x00007fff14561000 	C:\WINDOWS\SYSTEM32\profapi.dll
0x00007ffec3eb0000 - 0x00007ffec3f87000 	C:\Program Files\Java\jdk-21\bin\jsvml.dll
0x00007fff00310000 - 0x00007fff00320000 	C:\Program Files\Java\jdk-21\bin\net.dll
0x00007fff0e9b0000 - 0x00007fff0eae6000 	C:\WINDOWS\SYSTEM32\WINHTTP.dll
0x00007fff13ab0000 - 0x00007fff13b19000 	C:\WINDOWS\system32\mswsock.dll
0x00007ffefdb60000 - 0x00007ffefdb76000 	C:\Program Files\Java\jdk-21\bin\nio.dll
0x00007ffefd920000 - 0x00007ffefd938000 	C:\Program Files\Java\jdk-21\bin\zip.dll
0x00007fff00290000 - 0x00007fff0029a000 	C:\Program Files\Java\jdk-21\bin\management.dll
0x00007ffefd910000 - 0x00007ffefd91b000 	C:\Program Files\Java\jdk-21\bin\management_ext.dll
0x00007fff16690000 - 0x00007fff16698000 	C:\WINDOWS\System32\PSAPI.DLL
0x00007ffef1310000 - 0x00007ffef1327000 	C:\WINDOWS\system32\napinsp.dll
0x00007ffef12f0000 - 0x00007ffef130b000 	C:\WINDOWS\system32\pnrpnsp.dll
0x00007fff13130000 - 0x00007fff13228000 	C:\WINDOWS\SYSTEM32\DNSAPI.dll
0x00007fff13100000 - 0x00007fff1312d000 	C:\WINDOWS\SYSTEM32\IPHLPAPI.DLL
0x00007fff161b0000 - 0x00007fff161b9000 	C:\WINDOWS\System32\NSI.dll
0x00007ffef3a40000 - 0x00007ffef3a51000 	C:\WINDOWS\System32\winrnr.dll
0x00007ffef3a20000 - 0x00007ffef3a35000 	C:\WINDOWS\system32\wshbth.dll
0x00007ffeeff80000 - 0x00007ffeeffa7000 	C:\WINDOWS\system32\nlansp_c.dll
0x00007fff08e70000 - 0x00007fff08e7a000 	C:\Windows\System32\rasadhlp.dll
0x00007fff0cdb0000 - 0x00007fff0ce33000 	C:\WINDOWS\System32\fwpuclnt.dll
0x00007fff13d10000 - 0x00007fff13d2b000 	C:\WINDOWS\SYSTEM32\CRYPTSP.dll
0x00007fff135a0000 - 0x00007fff135d5000 	C:\WINDOWS\system32\rsaenh.dll
0x00007fff13bb0000 - 0x00007fff13bd8000 	C:\WINDOWS\SYSTEM32\USERENV.dll
0x00007fff13d30000 - 0x00007fff13d3c000 	C:\WINDOWS\SYSTEM32\CRYPTBASE.dll
0x00007ffefd530000 - 0x00007ffefd539000 	C:\Program Files\Java\jdk-21\bin\extnet.dll

dbghelp: loaded successfully - version: 4.0.5 - missing functions: none
symbol engine: initialized successfully - sym options: 0x614 - pdb path: .;C:\Program Files\Java\jdk-21\bin;C:\WINDOWS\SYSTEM32;C:\WINDOWS\WinSxS\amd64_microsoft.windows.common-controls_6595b64144ccf1df_6.0.22621.3672_none_2713b9d173822955;C:\Program Files\Java\jdk-21\bin\server

VM Arguments:
jvm_args: -Dcom.sun.management.jmxremote -Dcom.sun.management.jmxremote.port=52264 -Dcom.sun.management.jmxremote.authenticate=false -Dcom.sun.management.jmxremote.ssl=false -Dspring.jmx.enabled=true -Djava.rmi.server.hostname=localhost -Dspring.application.admin.enabled=true -Dspring.boot.project.name=Inventario -XX:+ShowCodeDetailsInExceptionMessages 
java_command: com.example.Inventario.InventarioApplication
java_class_path (initial): C:\Users\MINEDUCYT\Desktop\ProyectoFrancoSalon\Inventory-Pos\target\classes;C:\Users\MINEDUCYT\.m2\repository\org\springframework\boot\spring-boot-starter-data-jpa\3.3.2\spring-boot-starter-data-jpa-3.3.2.jar;C:\Users\MINEDUCYT\.m2\repository\org\springframework\boot\spring-boot-starter-aop\3.3.2\spring-boot-starter-aop-3.3.2.jar;C:\Users\MINEDUCYT\.m2\repository\org\springframework\spring-aop\6.1.11\spring-aop-6.1.11.jar;C:\Users\MINEDUCYT\.m2\repository\org\aspectj\aspectjweaver\1.9.22.1\aspectjweaver-1.9.22.1.jar;C:\Users\MINEDUCYT\.m2\repository\org\springframework\boot\spring-boot-starter-jdbc\3.3.2\spring-boot-starter-jdbc-3.3.2.jar;C:\Users\MINEDUCYT\.m2\repository\com\zaxxer\HikariCP\5.1.0\HikariCP-5.1.0.jar;C:\Users\MINEDUCYT\.m2\repository\org\springframework\spring-jdbc\6.1.11\spring-jdbc-6.1.11.jar;C:\Users\MINEDUCYT\.m2\repository\org\hibernate\orm\hibernate-core\6.5.2.Final\hibernate-core-6.5.2.Final.jar;C:\Users\MINEDUCYT\.m2\repository\jakarta\persistence\jakarta.persistence-api\3.1.0\jakarta.persistence-api-3.1.0.jar;C:\Users\MINEDUCYT\.m2\repository\jakarta\transaction\jakarta.transaction-api\2.0.1\jakarta.transaction-api-2.0.1.jar;C:\Users\MINEDUCYT\.m2\repository\org\jboss\logging\jboss-logging\3.5.3.Final\jboss-logging-3.5.3.Final.jar;C:\Users\MINEDUCYT\.m2\repository\org\hibernate\common\hibernate-commons-annotations\6.0.6.Final\hibernate-commons-annotations-6.0.6.Final.jar;C:\Users\MINEDUCYT\.m2\repository\io\smallrye\jandex\3.1.2\jandex-3.1.2.jar;C:\Users\MINEDUCYT\.m2\repository\com\fasterxml\classmate\1.7.0\classmate-1.7.0.jar;C:\Users\MINEDUCYT\.m2\repository\net\bytebuddy\byte-buddy\1.14.18\byte-buddy-1.14.18.jar;C:\Users\MINEDUCYT\.m2\repository\org\glassfish\jaxb\jaxb-runtime\4.0.5\jaxb-runtime-4.0.5.jar;C:\Users\MINEDUCYT\.m2\repository\org\glassfish\jaxb\jaxb-core\4.0.5\jaxb-core-4.0.5.jar;C:\Users\MINEDUCYT\.m2\repository\org\eclipse\angus\angus-activation\2.0.2\angus-activation-2.0.2.jar;C:\Users\MINEDUCYT\.m2\repository\org\glassfish\jaxb\txw2\4.0.5\txw2-4.0.5.jar;C:\Users\MINEDUCYT\.m2\repository\com\sun\istack\istack-commons-runtime\4.1.2\istack-commons-runtime-4.1.2.jar;C:\Users\MINEDUCYT\.m2\repository\jakarta\inject\jakarta.inject-api\2.0.1\jakarta.inject-api-2.0.1.jar;C:\Users\MINEDUCYT\.m2\repository\org\antlr\antlr4-runtime\4.13.0\antlr4-runtime-4.13.0.jar;C:\Users\MINEDUCYT\.m2\repository\org\springframework\data\spring-data-jpa\3.3.2\spring-data-jpa-3.3.2.jar;C:\Users\MINEDUCYT\.m2\repository\org\springframework\data\spring-data-commons\3.3.2\spring-data-commons-3.3.2.jar;C:\Users\MINEDUCYT\.m2\repository\org\springframework\spring-orm\6.1.11\spring-orm-6.1.11.jar;C:\Users\MINEDUCYT\.m2\repository\org\springframework\spring-context\6.1.11\spring-context-6.1.11.jar;C:\Users\MINEDUCYT\.m2\repository\org\springframework\spring-tx\6.1.11\spring-tx-6.1.11.jar;C:\Users\MINEDUCYT\.m2\repository\org\springframework\spring-beans\6.1.11\spring-beans-6.1.11.jar;C:\Users\MINEDUCYT\.m2\repository\jakarta\annotation\jakarta.annotation-api\2.1.1\jakarta.annotation-api-2.1.1.jar;C:\Users\MINEDUCYT\.m2\repository\org\springframework\spring-aspects\6.1.11\spring-aspects-6.1.11.jar;C:\Users\MINEDUCYT\.m2\repository\org\springframework\boot\spring-boot-starter-thymeleaf\3.3.2\spring-boot-starter-thymeleaf-3.3.2.jar;C:\Users\MINEDUCYT\.m2\repository\org\springframework\boot\spring-boot-starter\3.3.2\spring-boot-starter-3.3.2.jar;C:\Users\MINEDUCYT\.m2\repository\org\springframework\boot\spring-boot-starter-logging\3.3.2\spring-boot-starter-logging-3.3.2.jar;C:\Users\MINEDUCYT\.m2\repository\ch\qos\logback\logback-classic\1.5.6\logback-classic-1.5.6.jar;C:\Users\MINEDUCYT\.m2\repository\ch\qos\logback\logback-core\1.5.6\logback-core-1.5.6.jar;C:\Users\MINEDUCYT\.m2\repository\org\apache\logging\log4j\log4j-to-slf4j\2.23.1\log4j-to-slf4j-2.23.1.jar;C:\Users\MINEDUCYT\.m2\repository\org\apache\logging\log4j\log4j-api\2.23.1\log4j-api-2.23.1.jar;C:\Users\MINEDUCYT\.m2\repository\org\slf4j\jul-to-slf4j\2.0.13\jul-to-slf4j-2.0.13.jar;C:\Users\MINEDUCYT\.m2\repository\org\yaml\snakeyaml\2.2\snakeyaml-2.2.jar;C:\Users\MINEDUCYT\.m2\repository\org\thymeleaf\thymeleaf-spring6\3.1.2.RELEASE\thymeleaf-spring6-3.1.2.RELEASE.jar;C:\Users\MINEDUCYT\.m2\repository\org\springframework\boot\spring-boot-starter-web\3.3.2\spring-boot-starter-web-3.3.2.jar;C:\Users\MINEDUCYT\.m2\repository\org\springframework\boot\spring-boot-starter-json\3.3.2\spring-boot-starter-json-3.3.2.jar;C:\Users\MINEDUCYT\.m2\repository\com\fasterxml\jackson\core\jackson-databind\2.17.2\jackson-databind-2.17.2.jar;C:\Users\MINEDUCYT\.m2\repository\com\fasterxml\jackson\core\jackson-annotations\2.17.2\jackson-annotations-2.17.2.jar;C:\Users\MINEDUCYT\.m2\repository\com\fasterxml\jackson\core\jackson-core\2.17.2\jackson-core-2.17.2.jar;C:\Users\MINEDUCYT\.m2\repository\com\fasterxml\jackson\datatype\jackson-datatype-jdk8\2.17.2\jackson-datatype-jdk8-2.17.2.jar;C:\Users\MINEDUCYT\.m2\repository\com\fasterxml\jackson\datatype\jackson-datatype-jsr310\2.17.2\jackson-datatype-jsr310-2.17.2.jar;C:\Users\MINEDUCYT\.m2\repository\com\fasterxml\jackson\module\jackson-module-parameter-names\2.17.2\jackson-module-parameter-names-2.17.2.jar;C:\Users\MINEDUCYT\.m2\repository\org\springframework\boot\spring-boot-starter-tomcat\3.3.2\spring-boot-starter-tomcat-3.3.2.jar;C:\Users\MINEDUCYT\.m2\repository\org\apache\tomcat\embed\tomcat-embed-core\10.1.26\tomcat-embed-core-10.1.26.jar;C:\Users\MINEDUCYT\.m2\repository\org\apache\tomcat\embed\tomcat-embed-websocket\10.1.26\tomcat-embed-websocket-10.1.26.jar;C:\Users\MINEDUCYT\.m2\repository\org\springframework\spring-web\6.1.11\spring-web-6.1.11.jar;C:\Users\MINEDUCYT\.m2\repository\io\micrometer\micrometer-observation\1.13.2\micrometer-observation-1.13.2.jar;C:\Users\MINEDUCYT\.m2\repository\io\micrometer\micrometer-commons\1.13.2\micrometer-commons-1.13.2.jar;C:\Users\MINEDUCYT\.m2\repository\org\springframework\spring-webmvc\6.1.11\spring-webmvc-6.1.11.jar;C:\Users\MINEDUCYT\.m2\repository\org\springframework\spring-expression\6.1.11\spring-expression-6.1.11.jar;C:\Users\MINEDUCYT\.m2\repository\org\springframework\boot\spring-boot-devtools\3.3.2\spring-boot-devtools-3.3.2.jar;C:\Users\MINEDUCYT\.m2\repository\org\springframework\boot\spring-boot\3.3.2\spring-boot-3.3.2.jar;C:\Users\MINEDUCYT\.m2\repository\org\springframework\boot\spring-boot-autoconfigure\3.3.2\spring-boot-autoconfigure-3.3.2.jar;C:\Users\MINEDUCYT\.m2\repository\jakarta\xml\bind\jakarta.xml.bind-api\4.0.2\jakarta.xml.bind-api-4.0.2.jar;C:\Users\MINEDUCYT\.m2\repository\jakarta\activation\jakarta.activation-api\2.1.3\jakarta.activation-api-2.1.3.jar;C:\Users\MINEDUCYT\.m2\repository\org\springframework\spring-core\6.1.11\spring-core-6.1.11.jar;C:\Users\MINEDUCYT\.m2\repository\org\springframework\spring-jcl\6.1.11\spring-jcl-6.1.11.jar;C:\Users\MINEDUCYT\.m2\repository\com\mysql\mysql-connector-j\8.3.0\mysql-connector-j-8.3.0.jar;C:\Users\MINEDUCYT\.m2\repository\com\microsoft\sqlserver\mssql-jdbc\12.2.0.jre8\mssql-jdbc-12.2.0.jre8.jar;C:\Users\MINEDUCYT\.m2\repository\nz\net\ultraq\thymeleaf\thymeleaf-layout-dialect\3.3.0\thymeleaf-layout-dialect-3.3.0.jar;C:\Users\MINEDUCYT\.m2\repository\org\apache\groovy\groovy\4.0.22\groovy-4.0.22.jar;C:\Users\MINEDUCYT\.m2\repository\nz\net\ultraq\groovy\groovy-extensions\2.1.0\groovy-extensions-2.1.0.jar;C:\Users\MINEDUCYT\.m2\repository\nz\net\ultraq\thymeleaf\thymeleaf-expression-processor\3.2.0\thymeleaf-expression-processor-3.2.0.jar;C:\Users\MINEDUCYT\.m2\repository\org\thymeleaf\thymeleaf\3.1.2.RELEASE\thymeleaf-3.1.2.RELEASE.jar;C:\Users\MINEDUCYT\.m2\repository\ognl\ognl\3.3.4\ognl-3.3.4.jar;C:\Users\MINEDUCYT\.m2\repository\org\javassist\javassist\3.29.0-GA\javassist-3.29.0-GA.jar;C:\Users\MINEDUCYT\.m2\repository\org\attoparser\attoparser\2.0.7.RELEASE\attoparser-2.0.7.RELEASE.jar;C:\Users\MINEDUCYT\.m2\repository\org\unbescape\unbescape\1.1.6.RELEASE\unbescape-1.1.6.RELEASE.jar;C:\Users\MINEDUCYT\.m2\repository\org\slf4j\slf4j-api\2.0.13\slf4j-api-2.0.13.jar;C:\Users\MINEDUCYT\.m2\repository\org\springframework\boot\spring-boot-starter-validation\3.3.1\spring-boot-starter-validation-3.3.1.jar;C:\Users\MINEDUCYT\.m2\repository\org\apache\tomcat\embed\tomcat-embed-el\10.1.26\tomcat-embed-el-10.1.26.jar;C:\Users\MINEDUCYT\.m2\repository\org\hibernate\validator\hibernate-validator\8.0.1.Final\hibernate-validator-8.0.1.Final.jar;C:\Users\MINEDUCYT\.m2\repository\jakarta\validation\jakarta.validation-api\3.0.2\jakarta.validation-api-3.0.2.jar
Launcher Type: SUN_STANDARD

[Global flags]
     intx CICompilerCount                          = 3                                         {product} {ergonomic}
     uint ConcGCThreads                            = 1                                         {product} {ergonomic}
     uint G1ConcRefinementThreads                  = 4                                         {product} {ergonomic}
   size_t G1HeapRegionSize                         = 1048576                                   {product} {ergonomic}
    uintx GCDrainStackTargetSize                   = 64                                        {product} {ergonomic}
   size_t InitialHeapSize                          = 65011712                                  {product} {ergonomic}
     bool ManagementServer                         = true                                      {product} {command line}
   size_t MarkStackSize                            = 4194304                                   {product} {ergonomic}
   size_t MaxHeapSize                              = 1025507328                                {product} {ergonomic}
   size_t MaxNewSize                               = 614465536                                 {product} {ergonomic}
   size_t MinHeapDeltaBytes                        = 1048576                                   {product} {ergonomic}
   size_t MinHeapSize                              = 8388608                                   {product} {ergonomic}
    uintx NonNMethodCodeHeapSize                   = 5832780                                {pd product} {ergonomic}
    uintx NonProfiledCodeHeapSize                  = 122912730                              {pd product} {ergonomic}
    uintx ProfiledCodeHeapSize                     = 122912730                              {pd product} {ergonomic}
    uintx ReservedCodeCacheSize                    = 251658240                              {pd product} {ergonomic}
     bool SegmentedCodeCache                       = true                                      {product} {ergonomic}
     bool ShowCodeDetailsInExceptionMessages       = true                                   {manageable} {command line}
   size_t SoftMaxHeapSize                          = 1025507328                             {manageable} {ergonomic}
     bool UseCompressedOops                        = true                           {product lp64_product} {ergonomic}
     bool UseG1GC                                  = true                                      {product} {ergonomic}
     bool UseLargePagesIndividualAllocation        = false                                  {pd product} {ergonomic}

Logging:
Log output configuration:
 #0: stdout all=warning uptime,level,tags foldmultilines=false
 #1: stderr all=off uptime,level,tags foldmultilines=false

Environment Variables:
PATH=C:\Program Files (x86)\Common Files\Oracle\Java\javapath;C:\Program Files\Common Files\Oracle\Java\javapath;C:\Program Files\Microsoft\jdk-11.0.16.101-hotspot\bin;C:\Windows\system32;C:\Windows;C:\Windows\System32\Wbem;C:\Windows\System32\WindowsPowerShell\v1.0\;C:\Windows\System32\OpenSSH\;C:\Program Files (x86)\Microsoft SQL Server\160\Tools\Binn\;C:\Program Files\Microsoft SQL Server\160\Tools\Binn\;C:\Program Files\Microsoft SQL Server\Client SDK\ODBC\170\Tools\Binn\;C:\Program Files\Microsoft SQL Server\160\DTS\Binn\;C:\Program Files (x86)\Microsoft SQL Server\160\DTS\Binn\;C:\Program Files\Azure Data Studio\bin;C:\WINDOWS\system32;C:\WINDOWS;C:\WINDOWS\System32\Wbem;C:\WINDOWS\System32\WindowsPowerShell\v1.0\;C:\WINDOWS\System32\OpenSSH\;C:\Program Files\Microsoft SQL Server\150\Tools\Binn\;C:\Git\cmd;C:\Git\mingw64\bin;C:\Git\usr\bin;C:\Users\MINEDUCYT\.config\herd\bin\nvm;C:\Program Files\nodejs;C:\Program Files\dotnet\;C:\Program Files\MySQL\MySQL Shell 8.0\bin\;C:\Users\MINEDUCYT\AppData\Local\Microsoft\WindowsApps;C:\Program Files\Azure Data Studio\bin;C:\Users\MINEDUCYT\AppData\Local\Programs\Microsoft VS Code\bin;C:\Program Files\JetBrains\IntelliJ IDEA Community Edition 2024.1.2\bin;;C:\Users\MINEDUCYT\AppData\Local\Programs\Azure Data Studio\bin;C:\Users\MINEDUCYT\.dotnet\tools
USERNAME=MINEDUCYT
LANG=es_ES.UTF-8
OS=Windows_NT
PROCESSOR_IDENTIFIER=Intel64 Family 6 Model 156 Stepping 0, GenuineIntel
TMP=C:\Users\MINEDU~1\AppData\Local\Temp
TEMP=C:\Users\MINEDU~1\AppData\Local\Temp




Periodic native trim disabled

---------------  S Y S T E M  ---------------

OS:
 Windows 11 , 64 bit Build 22621 (10.0.22621.3958)
OS uptime: 2 days 3:18 hours

CPU: total 4 (initial active 4) (4 cores per cpu, 1 threads per core) family 6 model 156 stepping 0 microcode 0x24000026, cx8, cmov, fxsr, mmx, 3dnowpref, sse, sse2, sse3, ssse3, sse4.1, sse4.2, popcnt, tsc, tscinvbit, aes, erms, clmul, sha, clflush, clflushopt, clwb, rdtscp, rdpid
Processor Information for all 4 processors :
  Max Mhz: 1114, Current Mhz: 1114, Mhz Limit: 1114

Memory: 4k page, system-wide physical 3911M (488M free)
TotalPageFile size 10904M (AvailPageFile size 133M)
current process WorkingSet (physical memory assigned to process): 137M, peak: 139M
current process commit charge ("private bytes"): 189M, peak: 191M

vm_info: Java HotSpot(TM) 64-Bit Server VM (21.0.4+8-LTS-274) for windows-amd64 JRE (21.0.4+8-LTS-274), built on 2024-06-05T05:23:33Z by "mach5one" with MS VC++ 17.6 (VS2022)

END.
